<?xml version="1.0" encoding="UTF-8"?>
<!-- Generated by org.testng.reporters.JUnitReportReporter -->
<testsuite hostname="MTCHNDT-UTHRAKUMAR" failures="0" tests="11" name="com.qa.Testcase.Profilepage_test" time="35.322" errors="0" timestamp="22 Mar 2021 11:13:29 GMT" skipped="0">
  <testcase classname="com.qa.Testcase.Profilepage_test" name="Sigin" time="8.393"/>
  <testcase classname="com.qa.Testcase.Profilepage_test" name="emptyprofile" time="1.555"/>
  <testcase classname="com.qa.Testcase.Profilepage_test" name="pnameonly" time="0.920"/>
  <testcase classname="com.qa.Testcase.Profilepage_test" name="pnameonlylessthan2" time="0.844"/>
  <testcase classname="com.qa.Testcase.Profilepage_test" name="pname_pemail" time="0.966"/>
  <testcase classname="com.qa.Testcase.Profilepage_test" name="pname_Invalidemail" time="0.955"/>
  <testcase classname="com.qa.Testcase.Profilepage_test" name="allinputs" time="3.913"/>
  <testcase classname="com.qa.Testcase.Profilepage_test" name="profileupdate" time="5.139"/>
  <testcase classname="com.qa.Testcase.Profilepage_test" name="profileupdateinvalid" time="1.655"/>
  <testcase classname="com.qa.Testcase.Profilepage_test" name="profileupdatemorethan5mb" time="2.690"/>
  <testcase classname="com.qa.Testcase.Profilepage_test" name="pressback" time="8.292"/>
</testsuite> <!-- com.qa.Testcase.Profilepage_test -->
