<?xml version="1.0" encoding="UTF-8"?>
<!-- Generated by org.testng.reporters.JUnitReportReporter -->
<testsuite hostname="MTCHNDT-UTHRAKUMAR" failures="0" tests="6" name="com.qa.Testcase.Contactuspage_test" time="16.652" errors="0" timestamp="22 Mar 2021 11:01:12 GMT" skipped="0">
  <testcase classname="com.qa.Testcase.Contactuspage_test" name="a_Sigin" time="10.147"/>
  <testcase classname="com.qa.Testcase.Contactuspage_test" name="sendcontactus" time="2.817"/>
  <testcase classname="com.qa.Testcase.Contactuspage_test" name="emptysubmit" time="0.905"/>
  <testcase classname="com.qa.Testcase.Contactuspage_test" name="invalidEmail" time="0.928"/>
  <testcase classname="com.qa.Testcase.Contactuspage_test" name="nameonly" time="0.946"/>
  <testcase classname="com.qa.Testcase.Contactuspage_test" name="name_emailonly" time="0.909"/>
</testsuite> <!-- com.qa.Testcase.Contactuspage_test -->
