<?xml version="1.0" encoding="UTF-8"?>
<!-- Generated by org.testng.reporters.JUnitReportReporter -->
<testsuite hostname="MTCHNDT-UTHRAKUMAR" failures="0" tests="4" name="com.qa.Testcase.Otpsignuppage_test" time="6.496" errors="0" timestamp="22 Mar 2021 11:01:12 GMT" skipped="0">
  <testcase classname="com.qa.Testcase.Otpsignuppage_test" name="emptycheck" time="2.159"/>
  <testcase classname="com.qa.Testcase.Otpsignuppage_test" name="incorrectotp" time="1.446"/>
  <testcase classname="com.qa.Testcase.Otpsignuppage_test" name="incomleteotp" time="0.241"/>
  <testcase classname="com.qa.Testcase.Otpsignuppage_test" name="a_otptitlecheck" time="2.650"/>
</testsuite> <!-- com.qa.Testcase.Otpsignuppage_test -->
