<?xml version="1.0" encoding="UTF-8"?>
<!-- Generated by org.testng.reporters.JUnitReportReporter -->
<testsuite hostname="MTCHNDT-UTHRAKUMAR" failures="0" tests="9" name="com.qa.Testcase.Signinpage_test" time="13.929" errors="0" timestamp="22 Mar 2021 11:01:12 GMT" skipped="0">
  <testcase classname="com.qa.Testcase.Signinpage_test" name="a_gettitle" time="0.009"/>
  <testcase classname="com.qa.Testcase.Signinpage_test" name="emptysigin" time="0.282"/>
  <testcase classname="com.qa.Testcase.Signinpage_test" name="signuplinkcheck" time="1.122"/>
  <testcase classname="com.qa.Testcase.Signinpage_test" name="forgotlinkcheck" time="1.082"/>
  <testcase classname="com.qa.Testcase.Signinpage_test" name="invalidpwd" time="3.404"/>
  <testcase classname="com.qa.Testcase.Signinpage_test" name="mobonlysigin" time="0.324"/>
  <testcase classname="com.qa.Testcase.Signinpage_test" name="pwdonlysigin" time="0.267"/>
  <testcase classname="com.qa.Testcase.Signinpage_test" name="unregistereduser" time="2.301"/>
  <testcase classname="com.qa.Testcase.Signinpage_test" name="Siginusingvalidinputs" time="5.138"/>
</testsuite> <!-- com.qa.Testcase.Signinpage_test -->
