<?xml version="1.0" encoding="UTF-8"?>
<!-- Generated by org.testng.reporters.JUnitReportReporter -->
<testsuite hostname="MTCHNDT-UTHRAKUMAR" failures="0" tests="8" name="com.qa.Testcase.Signuppage_test" time="10.279" errors="0" timestamp="22 Mar 2021 11:01:12 GMT" skipped="0">
  <testcase classname="com.qa.Testcase.Signuppage_test" name="alreadyregistereduser" time="2.788"/>
  <testcase classname="com.qa.Testcase.Signuppage_test" name="invalidpwd" time="2.558"/>
  <testcase classname="com.qa.Testcase.Signuppage_test" name="signinlinkcheck" time="1.073"/>
  <testcase classname="com.qa.Testcase.Signuppage_test" name="a_gettitle" time="1.339"/>
  <testcase classname="com.qa.Testcase.Signuppage_test" name="emptysigin" time="0.282"/>
  <testcase classname="com.qa.Testcase.Signuppage_test" name="pwdonlysigin" time="0.265"/>
  <testcase classname="com.qa.Testcase.Signuppage_test" name="mobonlysigup" time="0.358"/>
  <testcase classname="com.qa.Testcase.Signuppage_test" name="Sigupusingvalidinputs" time="1.616"/>
</testsuite> <!-- com.qa.Testcase.Signuppage_test -->
