<?xml version="1.0" encoding="UTF-8"?>
<!-- Generated by org.testng.reporters.JUnitReportReporter -->
<testsuite hostname="MTCHNDT-UTHRAKUMAR" failures="0" tests="4" name="com.qa.Testcase.Otpforgotpage_test" time="7.479" errors="0" timestamp="22 Mar 2021 11:01:12 GMT" skipped="0">
  <testcase classname="com.qa.Testcase.Otpforgotpage_test" name="incomleteotp" time="0.781"/>
  <testcase classname="com.qa.Testcase.Otpforgotpage_test" name="incorrectotp" time="1.693"/>
  <testcase classname="com.qa.Testcase.Otpforgotpage_test" name="a_otptitlecheck" time="2.283"/>
  <testcase classname="com.qa.Testcase.Otpforgotpage_test" name="emptycheck" time="2.722"/>
</testsuite> <!-- com.qa.Testcase.Otpforgotpage_test -->
