<?xml version="1.0" encoding="UTF-8"?>
<!-- Generated by org.testng.reporters.JUnitReportReporter -->
<testsuite hostname="MTCHNDT-UTHRAKUMAR" failures="0" tests="2" name="com.qa.Testcase.Downloadspage_test" time="42.568" errors="0" timestamp="22 Mar 2021 11:01:12 GMT" skipped="0">
  <testcase classname="com.qa.Testcase.Downloadspage_test" name="Sigin" time="9.554"/>
  <testcase classname="com.qa.Testcase.Downloadspage_test" name="downloadqb" time="33.014"/>
</testsuite> <!-- com.qa.Testcase.Downloadspage_test -->
