<?xml version="1.0" encoding="UTF-8"?>
<!-- Generated by org.testng.reporters.JUnitReportReporter -->
<testsuite hostname="MTCHNDT-UTHRAKUMAR" failures="0" tests="5" name="com.qa.Testcase.Forgotpage_test" time="2.990" errors="0" timestamp="22 Mar 2021 11:01:12 GMT" skipped="0">
  <testcase classname="com.qa.Testcase.Forgotpage_test" name="a_forgotTitle" time="0.782"/>
  <testcase classname="com.qa.Testcase.Forgotpage_test" name="emptysubmit" time="0.114"/>
  <testcase classname="com.qa.Testcase.Forgotpage_test" name="invalidmob" time="0.236"/>
  <testcase classname="com.qa.Testcase.Forgotpage_test" name="validmob" time="0.913"/>
  <testcase classname="com.qa.Testcase.Forgotpage_test" name="backbutton" time="0.945"/>
</testsuite> <!-- com.qa.Testcase.Forgotpage_test -->
