<?xml version="1.0" encoding="UTF-8"?>
<!-- Generated by org.testng.reporters.JUnitReportReporter -->
<testsuite hostname="MTCHNDT-UTHRAKUMAR" failures="0" tests="8" name="com.qa.Testcase.Changepasswordpage_test" time="20.986" errors="0" timestamp="22 Mar 2021 11:01:12 GMT" skipped="0">
  <testcase classname="com.qa.Testcase.Changepasswordpage_test" name="pwdonly" time="0.891"/>
  <testcase classname="com.qa.Testcase.Changepasswordpage_test" name="changesamepwd" time="1.555"/>
  <testcase classname="com.qa.Testcase.Changepasswordpage_test" name="emptypwd" time="0.872"/>
  <testcase classname="com.qa.Testcase.Changepasswordpage_test" name="invalidpwd" time="1.328"/>
  <testcase classname="com.qa.Testcase.Changepasswordpage_test" name="pwdnotmatch" time="0.998"/>
  <testcase classname="com.qa.Testcase.Changepasswordpage_test" name="a_sigin" time="8.718"/>
  <testcase classname="com.qa.Testcase.Changepasswordpage_test" name="changepwd" time="3.183"/>
  <testcase classname="com.qa.Testcase.Changepasswordpage_test" name="changepwdhelp" time="3.441"/>
</testsuite> <!-- com.qa.Testcase.Changepasswordpage_test -->
